<?xml version="1.0" encoding="UTF-8"?>
<!-- Generated by org.testng.reporters.JUnitXMLReporter -->
<testsuite ignored="3" hostname="DESKTOP-DQIOB50" failures="0" tests="1" name="Default test" time="3.588" errors="0" timestamp="2024-09-18T21:44:50 IST">
  <testcase classname="com.matschie.servicenow.tests.IncidentServiceTest" name="usershouldAbleToCreateIncidentandFetchall" time="3.236"/>
  <testcase classname="com.matschie.servicenow.tests.IncidentServiceTest" name="ShouldGetIncidentByQueryparam" time="0.0">
    <ignored/>
  </testcase> <!-- ShouldGetIncidentByQueryparam -->
  <testcase classname="com.matschie.servicenow.tests.IncidentServiceTest" name="usershouldAbleToCreateIncident" time="0.0">
    <ignored/>
  </testcase> <!-- usershouldAbleToCreateIncident -->
  <testcase classname="com.matschie.servicenow.tests.IncidentServiceTest" name="ShouldGetSingleIncident" time="0.0">
    <ignored/>
  </testcase> <!-- ShouldGetSingleIncident -->
</testsuite> <!-- Default test -->
