<?xml version="1.0" encoding="UTF-8"?>
<testng-results ignored="0" total="5" passed="5" failed="0" skipped="0">
  <reporter-output>
  </reporter-output>
  <suite started-at="2024-09-23T23:09:04 IST" name="Default suite" finished-at="2024-09-23T23:09:10 IST" duration-ms="5618">
    <groups>
      <group name="cucumber">
        <method signature="AbstractTestNGCucumberTests.runScenario(io.cucumber.testng.PickleWrapper,io.cucumber.testng.FeatureWrapper)[pri:0, instance:com.matschie.test.runner.JIRArunner@45312be2]" name="runScenario" class="io.cucumber.testng.AbstractTestNGCucumberTests"/>
      </group> <!-- cucumber -->
    </groups>
    <test started-at="2024-09-23T23:09:04 IST" name="Default test" finished-at="2024-09-23T23:09:10 IST" duration-ms="5618">
      <class name="com.matschie.test.runner.JIRArunner">
        <test-method is-config="true" signature="setUpClass()[pri:0, instance:com.matschie.test.runner.JIRArunner@45312be2]" started-at="2024-09-23T23:09:04 IST" name="setUpClass" finished-at="2024-09-23T23:09:04 IST" duration-ms="245" status="PASS">
          <reporter-output>
          </reporter-output>
        </test-method> <!-- setUpClass -->
        <test-method signature="runScenario(io.cucumber.testng.PickleWrapper,io.cucumber.testng.FeatureWrapper)[pri:0, instance:com.matschie.test.runner.JIRArunner@45312be2]" started-at="2024-09-23T23:09:04 IST" name="runScenario" description="Runs Cucumber Scenarios" data-provider="scenarios" finished-at="2024-09-23T23:09:07 IST" duration-ms="2985" status="PASS">
          <params>
            <param index="0">
              <value>
                <![CDATA["Sce1 Post new issue in JIRA"]]>
              </value>
            </param>
            <param index="1">
              <value>
                <![CDATA["Optional[Chaining process of JIRA with matschie framework]"]]>
              </value>
            </param>
          </params>
          <reporter-output>
          </reporter-output>
        </test-method> <!-- runScenario -->
        <test-method signature="runScenario(io.cucumber.testng.PickleWrapper,io.cucumber.testng.FeatureWrapper)[pri:0, instance:com.matschie.test.runner.JIRArunner@45312be2]" started-at="2024-09-23T23:09:07 IST" name="runScenario" description="Runs Cucumber Scenarios" data-provider="scenarios" finished-at="2024-09-23T23:09:08 IST" duration-ms="502" status="PASS">
          <params>
            <param index="0">
              <value>
                <![CDATA["Sce2 get single issue from JIRA"]]>
              </value>
            </param>
            <param index="1">
              <value>
                <![CDATA["Optional[Chaining process of JIRA with matschie framework]"]]>
              </value>
            </param>
          </params>
          <reporter-output>
          </reporter-output>
        </test-method> <!-- runScenario -->
        <test-method signature="runScenario(io.cucumber.testng.PickleWrapper,io.cucumber.testng.FeatureWrapper)[pri:0, instance:com.matschie.test.runner.JIRArunner@45312be2]" started-at="2024-09-23T23:09:08 IST" name="runScenario" description="Runs Cucumber Scenarios" data-provider="scenarios" finished-at="2024-09-23T23:09:09 IST" duration-ms="653" status="PASS">
          <params>
            <param index="0">
              <value>
                <![CDATA["Sce3 update single issue from JIRA using put"]]>
              </value>
            </param>
            <param index="1">
              <value>
                <![CDATA["Optional[Chaining process of JIRA with matschie framework]"]]>
              </value>
            </param>
          </params>
          <reporter-output>
          </reporter-output>
        </test-method> <!-- runScenario -->
        <test-method signature="runScenario(io.cucumber.testng.PickleWrapper,io.cucumber.testng.FeatureWrapper)[pri:0, instance:com.matschie.test.runner.JIRArunner@45312be2]" started-at="2024-09-23T23:09:09 IST" name="runScenario" description="Runs Cucumber Scenarios" data-provider="scenarios" finished-at="2024-09-23T23:09:09 IST" duration-ms="789" status="PASS">
          <params>
            <param index="0">
              <value>
                <![CDATA["Sce4 delete single issue from JIRA using delete"]]>
              </value>
            </param>
            <param index="1">
              <value>
                <![CDATA["Optional[Chaining process of JIRA with matschie framework]"]]>
              </value>
            </param>
          </params>
          <reporter-output>
          </reporter-output>
        </test-method> <!-- runScenario -->
        <test-method signature="runScenario(io.cucumber.testng.PickleWrapper,io.cucumber.testng.FeatureWrapper)[pri:0, instance:com.matschie.test.runner.JIRArunner@45312be2]" started-at="2024-09-23T23:09:09 IST" name="runScenario" description="Runs Cucumber Scenarios" data-provider="scenarios" finished-at="2024-09-23T23:09:10 IST" duration-ms="380" status="PASS">
          <params>
            <param index="0">
              <value>
                <![CDATA["Sce5 validate issue after delete"]]>
              </value>
            </param>
            <param index="1">
              <value>
                <![CDATA["Optional[Chaining process of JIRA with matschie framework]"]]>
              </value>
            </param>
          </params>
          <reporter-output>
          </reporter-output>
        </test-method> <!-- runScenario -->
        <test-method is-config="true" signature="tearDownClass()[pri:0, instance:com.matschie.test.runner.JIRArunner@45312be2]" started-at="2024-09-23T23:09:10 IST" name="tearDownClass" finished-at="2024-09-23T23:09:10 IST" duration-ms="6" status="PASS">
          <reporter-output>
          </reporter-output>
        </test-method> <!-- tearDownClass -->
      </class> <!-- com.matschie.test.runner.JIRArunner -->
    </test> <!-- Default test -->
  </suite> <!-- Default suite -->
</testng-results>
