<?xml version="1.0" encoding="UTF-8"?>
<testng-results ignored="3" total="4" passed="1" failed="0" skipped="0">
  <reporter-output>
  </reporter-output>
  <suite started-at="2024-09-18T21:44:46 IST" name="Default suite" finished-at="2024-09-18T21:44:49 IST" duration-ms="3588">
    <groups>
    </groups>
    <test started-at="2024-09-18T21:44:46 IST" name="Default test" finished-at="2024-09-18T21:44:49 IST" duration-ms="3588">
      <class name="com.matschie.servicenow.tests.IncidentServiceTest">
        <test-method is-config="true" signature="setUp()[pri:0, instance:com.matschie.servicenow.tests.IncidentServiceTest@6c2c1385]" started-at="2024-09-18T21:44:46 IST" name="setUp" finished-at="2024-09-18T21:44:46 IST" duration-ms="260" status="PASS">
          <reporter-output>
          </reporter-output>
        </test-method> <!-- setUp -->
        <test-method signature="usershouldAbleToCreateIncidentandFetchall()[pri:1, instance:com.matschie.servicenow.tests.IncidentServiceTest@6c2c1385]" started-at="2024-09-18T21:44:46 IST" name="usershouldAbleToCreateIncidentandFetchall" finished-at="2024-09-18T21:44:49 IST" duration-ms="3236" status="PASS">
          <reporter-output>
          </reporter-output>
        </test-method> <!-- usershouldAbleToCreateIncidentandFetchall -->
      </class> <!-- com.matschie.servicenow.tests.IncidentServiceTest -->
    </test> <!-- Default test -->
  </suite> <!-- Default suite -->
</testng-results>
